<?xml version="1.0" encoding="UTF-8"?>
<testsuite name="sorter.SorterTest" tests="1" skipped="0" failures="0" errors="0" timestamp="2021-07-07T15:16:09" hostname="DESKTOP-EMOQDG9" time="0.014">
  <properties/>
  <testcase name="test1()" classname="sorter.SorterTest" time="0.014"/>
  <system-out><![CDATA[]]></system-out>
  <system-err><![CDATA[]]></system-err>
</testsuite>
